<?xml version="1.0" encoding="UTF-8"?>
<robot generator="Robot 6.0.2 (Python 3.11.3 on win32)" generated="20230825 11:39:51.063" rpa="false" schemaversion="3">
<suite id="s1" name="Testes" source="c:\Users\Maria Batista\swag-labs-automacao\e-commerce\testes.robot">
<test id="s1-t1" name="Acessando o Swag Labs - E-commerce e fazendo login" line="8">
<kw name="Acessando o Swag Labs - E-commerce" library="setup">
<kw name="Open Browser" library="SeleniumLibrary">
<arg>url=${URL}</arg>
<arg>browser=${BROWSER}</arg>
<doc>Opens a new browser instance to the optional ``url``.</doc>
<msg timestamp="20230825 11:39:51.552" level="INFO">Opening browser 'chrome' to base url 'https://www.saucedemo.com/'.</msg>
<status status="PASS" starttime="20230825 11:39:51.550" endtime="20230825 11:39:54.016"/>
</kw>
<kw name="Maximize Browser Window" library="SeleniumLibrary">
<doc>Maximizes current browser window.</doc>
<status status="PASS" starttime="20230825 11:39:54.016" endtime="20230825 11:39:54.156"/>
</kw>
<status status="PASS" starttime="20230825 11:39:51.549" endtime="20230825 11:39:54.157"/>
</kw>
<kw name="Email e senha" library="setup">
<kw name="Input Text" library="SeleniumLibrary">
<arg>${CAMPO_USER}</arg>
<arg>${USERNAME}</arg>
<doc>Types the given ``text`` into the text field identified by ``locator``.</doc>
<msg timestamp="20230825 11:39:54.166" level="INFO">Typing text 'standard_user' into text field 'xpath=//input[contains(@id,'user-name')]'.</msg>
<status status="PASS" starttime="20230825 11:39:54.159" endtime="20230825 11:39:54.427"/>
</kw>
<kw name="Input Password" library="SeleniumLibrary">
<arg>${CAMPO_SENHA}</arg>
<arg>${SENHA}</arg>
<doc>Types the given password into the text field identified by ``locator``.</doc>
<msg timestamp="20230825 11:39:54.428" level="INFO">Typing password into text field 'xpath=//input[contains(@id,'password')]'.</msg>
<msg timestamp="20230825 11:39:54.493" level="INFO">Temporally setting log level to: NONE</msg>
<msg timestamp="20230825 11:39:54.611" level="INFO">Log level changed from NONE to INFO.</msg>
<status status="PASS" starttime="20230825 11:39:54.427" endtime="20230825 11:39:54.611"/>
</kw>
<kw name="Click Element" library="SeleniumLibrary">
<arg>${BOTAO_LOGIN}</arg>
<doc>Click the element identified by ``locator``.</doc>
<msg timestamp="20230825 11:39:54.612" level="INFO">Clicking element 'xpath=//input[contains(@id,'login-button')]'.</msg>
<status status="PASS" starttime="20230825 11:39:54.611" endtime="20230825 11:39:54.781"/>
</kw>
<status status="PASS" starttime="20230825 11:39:54.158" endtime="20230825 11:39:54.781"/>
</kw>
<status status="PASS" starttime="20230825 11:39:51.547" endtime="20230825 11:39:54.782"/>
</test>
<test id="s1-t2" name="Operação de compras no E-commerce" line="11">
<kw name="Dado que eu esteja na página de produtos do E-commerce" library="e-commerce">
<kw name="Element Should Be Visible" library="SeleniumLibrary">
<arg>${produtos}</arg>
<doc>Verifies that the element identified by ``locator`` is visible.</doc>
<msg timestamp="20230825 11:39:54.842" level="INFO">Element 'xpath=//span[@class='title'][contains(.,'Products')]' is displayed.</msg>
<status status="PASS" starttime="20230825 11:39:54.795" endtime="20230825 11:39:54.842"/>
</kw>
<status status="PASS" starttime="20230825 11:39:54.794" endtime="20230825 11:39:54.843"/>
</kw>
<kw name="Quando seleciono um produto para compra e clico no botão &quot;Add to cart&quot;" library="e-commerce">
<kw name="Element Should Be Visible" library="SeleniumLibrary">
<arg>${botao_add}</arg>
<doc>Verifies that the element identified by ``locator`` is visible.</doc>
<msg timestamp="20230825 11:39:54.882" level="INFO">Element 'xpath=//button[contains(@id,'add-to-cart-sauce-labs-backpack')]' is displayed.</msg>
<status status="PASS" starttime="20230825 11:39:54.846" endtime="20230825 11:39:54.882"/>
</kw>
<kw name="Click Element" library="SeleniumLibrary">
<arg>${botao_add}</arg>
<doc>Click the element identified by ``locator``.</doc>
<msg timestamp="20230825 11:39:54.883" level="INFO">Clicking element 'xpath=//button[contains(@id,'add-to-cart-sauce-labs-backpack')]'.</msg>
<status status="PASS" starttime="20230825 11:39:54.882" endtime="20230825 11:39:54.976"/>
</kw>
<status status="PASS" starttime="20230825 11:39:54.845" endtime="20230825 11:39:54.976"/>
</kw>
<kw name="Então o ícone de carrinho deverá sinalizar que contém um produto nele" library="e-commerce">
<kw name="Element Should Be Visible" library="SeleniumLibrary">
<arg>${carrinho_status}</arg>
<doc>Verifies that the element identified by ``locator`` is visible.</doc>
<msg timestamp="20230825 11:39:55.010" level="INFO">Element 'xpath=//a[@class='shopping_cart_link'][contains(.,'1')]' is displayed.</msg>
<status status="PASS" starttime="20230825 11:39:54.977" endtime="20230825 11:39:55.010"/>
</kw>
<status status="PASS" starttime="20230825 11:39:54.977" endtime="20230825 11:39:55.011"/>
</kw>
<kw name="E eu clico no ícone do carrinho de compras" library="e-commerce">
<kw name="Click Element" library="SeleniumLibrary">
<arg>${carrinho_click}</arg>
<doc>Click the element identified by ``locator``.</doc>
<msg timestamp="20230825 11:39:55.013" level="INFO">Clicking element 'xpath=//a[contains(@class,'shopping_cart_link')]'.</msg>
<status status="PASS" starttime="20230825 11:39:55.012" endtime="20230825 11:39:55.128"/>
</kw>
<status status="PASS" starttime="20230825 11:39:55.011" endtime="20230825 11:39:55.129"/>
</kw>
<kw name="Então serei redirecionado(a) para a página do meu carrinho de compras" library="e-commerce">
<kw name="Element Should Be Visible" library="SeleniumLibrary">
<arg>${meu_carrinho}</arg>
<doc>Verifies that the element identified by ``locator`` is visible.</doc>
<msg timestamp="20230825 11:39:55.172" level="INFO">Element 'xpath=//span[@class='title'][contains(.,'Your Cart')]' is displayed.</msg>
<status status="PASS" starttime="20230825 11:39:55.130" endtime="20230825 11:39:55.173"/>
</kw>
<status status="PASS" starttime="20230825 11:39:55.129" endtime="20230825 11:39:55.174"/>
</kw>
<kw name="E o produto que adicionei ao carrinho deverá ser exibido" library="e-commerce">
<kw name="Element Should Be Visible" library="SeleniumLibrary">
<arg>${meu_item}</arg>
<doc>Verifies that the element identified by ``locator`` is visible.</doc>
<msg timestamp="20230825 11:39:55.210" level="INFO">Element 'xpath=//div[@class='cart_item'][contains(.,'1Sauce Labs Backpackcarry.allTheThings() with the sleek, streamlined Sly Pack that melds uncompromising style with unequaled laptop and tablet protection.$29.99Remove')]' is displayed.</msg>
<status status="PASS" starttime="20230825 11:39:55.175" endtime="20230825 11:39:55.211"/>
</kw>
<status status="PASS" starttime="20230825 11:39:55.174" endtime="20230825 11:39:55.211"/>
</kw>
<kw name="Quando clico no botão &quot;Checkout&quot;" library="e-commerce">
<kw name="Element Should Be Visible" library="SeleniumLibrary">
<arg>${botao_checkout}</arg>
<doc>Verifies that the element identified by ``locator`` is visible.</doc>
<msg timestamp="20230825 11:39:55.246" level="INFO">Element 'xpath=//button[contains(@id,'checkout')]' is displayed.</msg>
<status status="PASS" starttime="20230825 11:39:55.212" endtime="20230825 11:39:55.246"/>
</kw>
<kw name="Click Element" library="SeleniumLibrary">
<arg>${botao_checkout}</arg>
<doc>Click the element identified by ``locator``.</doc>
<msg timestamp="20230825 11:39:55.248" level="INFO">Clicking element 'xpath=//button[contains(@id,'checkout')]'.</msg>
<status status="PASS" starttime="20230825 11:39:55.246" endtime="20230825 11:39:55.341"/>
</kw>
<status status="PASS" starttime="20230825 11:39:55.212" endtime="20230825 11:39:55.342"/>
</kw>
<kw name="Então estarei na página &quot;Checkout: Your Information&quot;" library="e-commerce">
<kw name="Element Should Be Visible" library="SeleniumLibrary">
<arg>${checkout}</arg>
<doc>Verifies that the element identified by ``locator`` is visible.</doc>
<msg timestamp="20230825 11:39:55.379" level="INFO">Element 'xpath=//span[@class='title'][contains(.,'Checkout: Your Information')]' is displayed.</msg>
<status status="PASS" starttime="20230825 11:39:55.344" endtime="20230825 11:39:55.379"/>
</kw>
<status status="PASS" starttime="20230825 11:39:55.343" endtime="20230825 11:39:55.379"/>
</kw>
<kw name="E devo preencher o formulário corretamente com os meus dados" library="e-commerce">
<kw name="Input Text" library="SeleniumLibrary">
<arg>${first_name}</arg>
<arg>"'Automação'"</arg>
<doc>Types the given ``text`` into the text field identified by ``locator``.</doc>
<msg timestamp="20230825 11:39:55.382" level="INFO">Typing text '"'Automação'"' into text field 'xpath=//input[contains(@id,'first-name')]'.</msg>
<status status="PASS" starttime="20230825 11:39:55.380" endtime="20230825 11:39:55.596"/>
</kw>
<kw name="Input Text" library="SeleniumLibrary">
<arg>${last_name}</arg>
<arg>"'Robot'"</arg>
<doc>Types the given ``text`` into the text field identified by ``locator``.</doc>
<msg timestamp="20230825 11:39:55.597" level="INFO">Typing text '"'Robot'"' into text field 'xpath=//input[contains(@id,'last-name')]'.</msg>
<status status="PASS" starttime="20230825 11:39:55.597" endtime="20230825 11:39:55.786"/>
</kw>
<kw name="Input Text" library="SeleniumLibrary">
<arg>${postal_code}</arg>
<arg>00000000000</arg>
<doc>Types the given ``text`` into the text field identified by ``locator``.</doc>
<msg timestamp="20230825 11:39:55.790" level="INFO">Typing text '00000000000' into text field 'xpath=//input[contains(@id,'postal-code')]'.</msg>
<status status="PASS" starttime="20230825 11:39:55.787" endtime="20230825 11:39:55.986"/>
</kw>
<status status="PASS" starttime="20230825 11:39:55.380" endtime="20230825 11:39:55.987"/>
</kw>
<kw name="E clico no botão &quot;Continue&quot;" library="e-commerce">
<kw name="Element Should Be Visible" library="SeleniumLibrary">
<arg>${botao_continue}</arg>
<doc>Verifies that the element identified by ``locator`` is visible.</doc>
<msg timestamp="20230825 11:39:56.029" level="INFO">Element 'xpath=//input[contains(@id,'continue')]' is displayed.</msg>
<status status="PASS" starttime="20230825 11:39:55.989" endtime="20230825 11:39:56.030"/>
</kw>
<kw name="Click Element" library="SeleniumLibrary">
<arg>${botao_continue}</arg>
<doc>Click the element identified by ``locator``.</doc>
<msg timestamp="20230825 11:39:56.031" level="INFO">Clicking element 'xpath=//input[contains(@id,'continue')]'.</msg>
<status status="PASS" starttime="20230825 11:39:56.030" endtime="20230825 11:39:56.139"/>
</kw>
<status status="PASS" starttime="20230825 11:39:55.988" endtime="20230825 11:39:56.139"/>
</kw>
<kw name="Então estarei na página &quot;Checkout: Overview&quot;" library="e-commerce">
<kw name="Element Should Be Visible" library="SeleniumLibrary">
<arg>${checkout_overview}</arg>
<doc>Verifies that the element identified by ``locator`` is visible.</doc>
<msg timestamp="20230825 11:39:56.180" level="INFO">Element 'xpath=//span[@class='title'][contains(.,'Checkout: Overview')]' is displayed.</msg>
<status status="PASS" starttime="20230825 11:39:56.142" endtime="20230825 11:39:56.180"/>
</kw>
<status status="PASS" starttime="20230825 11:39:56.141" endtime="20230825 11:39:56.180"/>
</kw>
<kw name="Quando clico no botão &quot;Finish&quot;" library="e-commerce">
<kw name="Element Should Be Visible" library="SeleniumLibrary">
<arg>${botao_finish}</arg>
<doc>Verifies that the element identified by ``locator`` is visible.</doc>
<msg timestamp="20230825 11:39:56.225" level="INFO">Element 'xpath=//button[contains(@id,'finish')]' is displayed.</msg>
<status status="PASS" starttime="20230825 11:39:56.182" endtime="20230825 11:39:56.225"/>
</kw>
<kw name="Click Element" library="SeleniumLibrary">
<arg>${botao_finish}</arg>
<doc>Click the element identified by ``locator``.</doc>
<msg timestamp="20230825 11:39:56.226" level="INFO">Clicking element 'xpath=//button[contains(@id,'finish')]'.</msg>
<status status="PASS" starttime="20230825 11:39:56.225" endtime="20230825 11:39:56.327"/>
</kw>
<status status="PASS" starttime="20230825 11:39:56.181" endtime="20230825 11:39:56.327"/>
</kw>
<kw name="Então o sistema deverá exibir uma mensagem de sucesso" library="e-commerce">
<kw name="Element Should Be Visible" library="SeleniumLibrary">
<arg>${sucess}</arg>
<doc>Verifies that the element identified by ``locator`` is visible.</doc>
<msg timestamp="20230825 11:39:56.365" level="INFO">Element 'xpath=//h2[@class='complete-header'][contains(.,'Thank you for your order!')]' is displayed.</msg>
<status status="PASS" starttime="20230825 11:39:56.329" endtime="20230825 11:39:56.366"/>
</kw>
<status status="PASS" starttime="20230825 11:39:56.328" endtime="20230825 11:39:56.366"/>
</kw>
<status status="PASS" starttime="20230825 11:39:54.793" endtime="20230825 11:39:56.368"/>
</test>
<doc>E-commerce - Automação</doc>
<status status="PASS" starttime="20230825 11:39:51.072" endtime="20230825 11:39:56.373"/>
</suite>
<statistics>
<total>
<stat pass="2" fail="0" skip="0">All Tests</stat>
</total>
<tag>
</tag>
<suite>
<stat pass="2" fail="0" skip="0" id="s1" name="Testes">Testes</stat>
</suite>
</statistics>
<errors>
</errors>
</robot>
